Fri Jun 29 17:26:10 EDT 2018 : Starting server...
Fri Jun 29 17:26:10 EDT 2018 : CodeBoot is listening on port 8080
Fri Jun 29 17:26:12 EDT 2018 : Shutting down server... EXIT_SIGINT
Fri Jun 29 17:38:51 EDT 2018 : Starting server...
Fri Jun 29 17:38:51 EDT 2018 : CodeBoot is listening on port 8080
Fri Jun 29 17:38:52 EDT 2018 : Shutting down server... EXIT_SIGINT
Fri Jun 29 17:38:59 EDT 2018 : Starting server...
Fri Jun 29 17:38:59 EDT 2018 : CodeBoot is listening on port p
Fri Jun 29 17:39:00 EDT 2018 : Shutting down server... EXIT_SIGINT
Fri Jun 29 17:39:39 EDT 2018 : Starting server...
Fri Jun 29 17:40:02 EDT 2018 : Starting server...
Fri Jun 29 17:40:09 EDT 2018 : Starting server...
Fri Jun 29 17:40:40 EDT 2018 : Starting server...
Fri Jun 29 17:40:47 EDT 2018 : Starting server...
Fri Jun 29 17:40:51 EDT 2018 : Starting server...
Fri Jun 29 17:41:05 EDT 2018 : Starting server...
Fri Jun 29 17:41:23 EDT 2018 : Starting server...
Fri Jun 29 17:41:23 EDT 2018 : CodeBoot is listening on port 8080
Fri Jun 29 17:41:25 EDT 2018 : Shutting down server... EXIT_SIGINT
Fri Jun 29 17:41:29 EDT 2018 : Starting server...
Fri Jun 29 17:41:29 EDT 2018 : CodeBoot is listening on port 8079
Fri Jun 29 17:41:30 EDT 2018 : Shutting down server... EXIT_SIGINT
Fri Jun 29 18:48:54 EDT 2018 : Starting server ...
Fri Jun 29 18:48:54 EDT 2018 : CodeBoot is listening on port 8080
Fri Jun 29 18:48:57 EDT 2018 : Error: Command failed: /home/olivier/Documents/codeboot/scripts/feedback.cgi feedbacks/hello.html
cat: feedbacks/hello.html: No such file or directory

Fri Jun 29 18:48:58 EDT 2018 : Shutting down server... EXIT_SIGINT
Fri Jun 29 18:52:30 EDT 2018 : Starting server ...
Fri Jun 29 18:52:30 EDT 2018 : CodeBoot is listening on port 8080
Fri Jun 29 18:52:31 EDT 2018 : Shutting down server... EXIT_SIGINT
Fri Jun 29 18:52:33 EDT 2018 : Starting server ...
Fri Jun 29 18:52:33 EDT 2018 : CodeBoot is listening on port 8080
Fri Jun 29 18:52:34 EDT 2018 : Shutting down server... EXIT_SIGINT
Fri Jun 29 18:52:35 EDT 2018 : Starting server ...
Fri Jun 29 18:52:35 EDT 2018 : CodeBoot is listening on port 8080
Fri Jun 29 18:52:45 EDT 2018 : Shutting down server... EXIT_SIGINT
Fri Jun 29 19:26:41 EDT 2018 : Starting server ...
Fri Jun 29 19:26:41 EDT 2018 : CodeBoot is listening on port 8080
Fri Jun 29 19:27:17 EDT 2018 : Shutting down server... EXIT_SIGINT
Fri Jun 29 19:27:17 EDT 2018 : Starting server ...
Fri Jun 29 19:27:17 EDT 2018 : CodeBoot is listening on port 8080
Fri Jun 29 19:27:56 EDT 2018 : Shutting down server... EXIT_SIGINT
Fri Jun 29 19:29:01 EDT 2018 : Starting server ...
Fri Jun 29 19:29:01 EDT 2018 : CodeBoot is listening on port 8080
Fri Jun 29 19:35:23 EDT 2018 : Shutting down server... EXIT_SIGINT
Fri Jun 29 20:18:09 EDT 2018 : Starting server ...
Fri Jun 29 20:18:09 EDT 2018 : CodeBoot is listening on port 8080
Sat Jun 30 21:34:23 EDT 2018 : Shutting down server... EXIT_SIGINT
Sat Jun 30 21:34:26 EDT 2018 : Starting server ...
Sat Jun 30 21:34:26 EDT 2018 : CodeBoot is listening on port 8080
Sat Jun 30 21:34:27 EDT 2018 : Shutting down server... EXIT_SIGINT
Sat Jun 30 21:34:31 EDT 2018 : Starting server ...
Sat Jun 30 21:34:31 EDT 2018 : CodeBoot is listening on port 8080
Sat Jun 30 22:40:24 EDT 2018 : Starting server ...
Sat Jun 30 22:40:24 EDT 2018 : CodeBoot is listening on port 8080
Sat Jun 30 22:40:27 EDT 2018 : Restarting Server ...
Sat Jun 30 22:40:27 EDT 2018 : CodeBoot is listening on port 8080
Sat Jun 30 22:40:30 EDT 2018 : Shutting down server... EXIT_SIGINT
Sat Jun 30 22:43:19 EDT 2018 : Starting server ...
Sat Jun 30 22:43:19 EDT 2018 : CodeBoot is listening on port 8080
Sat Jun 30 22:46:58 EDT 2018 : Starting server ...
Sat Jun 30 22:46:58 EDT 2018 : CodeBoot is listening on port 8080
Sat Jun 30 22:47:35 EDT 2018 : Starting server ...
Sat Jun 30 22:47:35 EDT 2018 : CodeBoot is listening on port 8080
Sat Jun 30 22:47:45 EDT 2018 : Starting server ...
Sat Jun 30 22:47:45 EDT 2018 : CodeBoot is listening on port 8080
Sat Jun 30 22:49:55 EDT 2018 : Starting server ...
Sat Jun 30 22:49:55 EDT 2018 : CodeBoot is listening on port 8080
Sat Jun 30 22:51:45 EDT 2018 : Shutting down server... EXIT_SIGINT
Sat Jun 30 22:51:46 EDT 2018 : Starting server ...
Sat Jun 30 22:51:46 EDT 2018 : CodeBoot is listening on port 8080
Sat Jun 30 22:52:49 EDT 2018 : Shutting down server... EXIT_SIGINT
Sat Jun 30 22:52:53 EDT 2018 : Starting server ...
Sat Jun 30 22:52:53 EDT 2018 : CodeBoot is listening on port 8080
Sat Jun 30 22:54:12 EDT 2018 : Shutting down server... EXIT_SIGINT
Sat Jun 30 22:54:13 EDT 2018 : Starting server ...
Sat Jun 30 22:54:13 EDT 2018 : CodeBoot is listening on port 8080
Sat Jun 30 22:55:31 EDT 2018 : Shutting down server... EXIT_SIGINT
Sat Jun 30 22:55:33 EDT 2018 : Starting server ...
Sat Jun 30 22:55:33 EDT 2018 : CodeBoot is listening on port 8080
Sat Jun 30 22:57:43 EDT 2018 : Shutting down server... EXIT_SIGINT
Sat Jun 30 22:57:43 EDT 2018 : Starting server ...
Sat Jun 30 22:57:43 EDT 2018 : CodeBoot is listening on port 8080
Sat Jun 30 22:59:48 EDT 2018 : Shutting down server... EXIT_SIGINT
Sat Jun 30 22:59:50 EDT 2018 : Starting server ...
Sat Jun 30 22:59:50 EDT 2018 : CodeBoot is listening on port 8080
Sat Jun 30 23:01:46 EDT 2018 : Shutting down server... EXIT_SIGINT
Sat Jun 30 23:01:48 EDT 2018 : Starting server ...
Sat Jun 30 23:01:48 EDT 2018 : CodeBoot is listening on port 8080
Sat Jun 30 23:02:36 EDT 2018 : Shutting down server... EXIT_SIGINT
Sat Jun 30 23:02:37 EDT 2018 : Starting server ...
Sat Jun 30 23:02:37 EDT 2018 : CodeBoot is listening on port 8080
Sat Jun 30 23:06:25 EDT 2018 : Shutting down server... EXIT_SIGINT
Sat Jun 30 23:06:26 EDT 2018 : Starting server ...
Sat Jun 30 23:06:26 EDT 2018 : CodeBoot is listening on port 8080
Sat Jun 30 23:06:44 EDT 2018 : Shutting down server... EXIT_SIGINT
Sat Jun 30 23:11:33 EDT 2018 : Starting server ...
Sat Jun 30 23:11:33 EDT 2018 : CodeBoot is listening on port 8080
Sat Jun 30 23:15:49 EDT 2018 : Shutting down server... EXIT_SIGINT
Sat Jun 30 23:22:12 EDT 2018 : Starting server ...
Sat Jun 30 23:22:12 EDT 2018 : CodeBoot is listening on port 8080
Sat Jun 30 23:23:03 EDT 2018 : Shutting down server... EXIT_SIGINT
Sat Jun 30 23:23:16 EDT 2018 : Starting server ...
Sat Jun 30 23:23:16 EDT 2018 : CodeBoot is listening on port 8080
Sat Jun 30 23:23:29 EDT 2018 : Shutting down server... EXIT_SIGINT
Sat Jun 30 23:24:35 EDT 2018 : Starting server ...
Sat Jun 30 23:24:35 EDT 2018 : CodeBoot is listening on port 8080
Sat Jun 30 23:24:49 EDT 2018 : Shutting down server... EXIT_SIGINT
Sat Jun 30 23:24:51 EDT 2018 : Starting server ...
Sat Jun 30 23:24:51 EDT 2018 : CodeBoot is listening on port 8080
Sat Jun 30 23:24:54 EDT 2018 : Shutting down server... EXIT_SIGINT
Sat Jun 30 23:25:40 EDT 2018 : Starting server ...
Sat Jun 30 23:25:40 EDT 2018 : CodeBoot is listening on port 8080
Sat Jun 30 23:26:21 EDT 2018 : Shutting down server... EXIT_SIGINT
Sat Jun 30 23:26:23 EDT 2018 : Starting server ...
Sat Jun 30 23:26:23 EDT 2018 : CodeBoot is listening on port 8080
Sat Jun 30 23:26:50 EDT 2018 : Shutting down server... EXIT_SIGINT
Sat Jun 30 23:27:05 EDT 2018 : Starting server ...
Sat Jun 30 23:27:05 EDT 2018 : CodeBoot is listening on port 8080
Sat Jun 30 23:27:22 EDT 2018 : Shutting down server... EXIT_SIGINT
Sat Jun 30 23:28:05 EDT 2018 : Starting server ...
Sat Jun 30 23:28:05 EDT 2018 : CodeBoot is listening on port 8080
Sat Jun 30 23:28:11 EDT 2018 : Shutting down server... EXIT_SIGINT
Sat Jun 30 23:29:43 EDT 2018 : Starting server ...
Sat Jun 30 23:29:43 EDT 2018 : CodeBoot is listening on port 8080
Sat Jun 30 23:29:59 EDT 2018 : Shutting down server... EXIT_SIGINT
Sat Jun 30 23:31:33 EDT 2018 : Starting server ...
Sat Jun 30 23:31:33 EDT 2018 : CodeBoot is listening on port 8080
Sat Jun 30 23:32:52 EDT 2018 : Shutting down server... EXIT_SIGINT
Sat Jun 30 23:32:53 EDT 2018 : Starting server ...
Sat Jun 30 23:32:53 EDT 2018 : CodeBoot is listening on port 8080
Sat Jun 30 23:33:05 EDT 2018 : Shutting down server... EXIT_SIGINT
Sat Jun 30 23:33:20 EDT 2018 : Starting server ...
Sat Jun 30 23:33:20 EDT 2018 : CodeBoot is listening on port 8080
Sat Jun 30 23:33:24 EDT 2018 : Shutting down server... EXIT_SIGINT
Sat Jun 30 23:33:33 EDT 2018 : Starting server ...
Sat Jun 30 23:33:33 EDT 2018 : CodeBoot is listening on port 8080
Sat Jun 30 23:34:02 EDT 2018 : Shutting down server... EXIT_SIGINT
Sat Jun 30 23:34:04 EDT 2018 : Starting server ...
Sat Jun 30 23:34:04 EDT 2018 : CodeBoot is listening on port 8080
Sat Jun 30 23:34:19 EDT 2018 : Error: Command failed: /home/olivier/Documents/codeboot/scripts/feedback.cgi feedbacks/3b9179536b39c634b133c195edec1014a3ad4607.html.html
cat: feedbacks/3b9179536b39c634b133c195edec1014a3ad4607.html.html: No such file or directory

Sat Jun 30 23:34:43 EDT 2018 : Shutting down server... EXIT_SIGINT
Sat Jun 30 23:34:45 EDT 2018 : Starting server ...
Sat Jun 30 23:34:45 EDT 2018 : CodeBoot is listening on port 8080
Sat Jun 30 23:35:17 EDT 2018 : Shutting down server... EXIT_SIGINT
Sat Jun 30 23:35:18 EDT 2018 : Starting server ...
Sat Jun 30 23:35:18 EDT 2018 : CodeBoot is listening on port 8080
Sat Jun 30 23:41:55 EDT 2018 : Shutting down server... EXIT_SIGINT
Sat Jun 30 23:41:56 EDT 2018 : Starting server ...
Sat Jun 30 23:41:56 EDT 2018 : CodeBoot is listening on port 8080
Sat Jun 30 23:42:05 EDT 2018 : Error: Command failed: /home/olivier/Documents/codeboot/scripts/import_file.cgi 1 : 2
3 : 4
john : doe
 <div class="CodeMirror cm-s-default"><div style="overflow: hidden; position: relative; width: 3px; height: 0px; top: 46px; left: 269px;"><textarea style="position: absolute; bottom: -1em; padding: 0px; width: 1px; height: 1em; outline: medium none currentcolor;" autocorrect="off" autocapitalize="off" spellcheck="false" tabindex="0" wrap="off"></textarea></div><div class="CodeMirror-vscrollbar" cm-not-content="true"><div style="min-width: 1px; height: 0px;"></div></div><div class="CodeMirror-hscrollbar" cm-not-content="true"><div style="height: 100%; min-height: 1px; width: 0px;"></div></div><div class="CodeMirror-scrollbar-filler" cm-not-content="true"></div><div class="CodeMirror-gutter-filler" cm-not-content="true"></div><div class="CodeMirror-scroll" tabindex="-1" draggable="true"><div class="CodeMirror-sizer" style="margin-left: 0px; margin-bottom: -12px; border-right-width: 18px; min-height: 71px; min-width: 452px; padding-right: 0px; padding-bottom: 0px;"><div style="position: relative; top: 0px;"><div class="CodeMirror-lines" role="presentation"><div style="position: relative; outline: medium none currentcolor;" role="presentation"><div class="CodeMirror-measure"><pre>x</pre></div><div class="CodeMirror-measure"></div><div style="position: relative; z-index: 1;"><div class="CodeMirror-selected" style="position: absolute; left: 4px; top: 0px; width: 742px; height: 21px;"></div><div class="CodeMirror-selected" style="position: absolute; left: 4px; top: 42px; width: 265px; height: 21px;"></div><div class="CodeMirror-selected" style="position: absolute; left: 4px; top: 21px; width: 742px; height: 21px;"></div></div><div class="CodeMirror-cursors" style="visibility: hidden;"></div><div class="CodeMirror-code" role="presentation"><pre class=" CodeMirror-line " role="presentation"><span role="presentation"><span class="cm-keyword">var</span> <span class="cm-def">cm</span> <span class="cm-operator">=</span> <span class="cm-variable">cb</span>.<span class="cm-property">fs</span>.<span class="cm-property">editorManager</span>.<span class="cm-property">editors</span>[<span class="cm-number">0</span>].<span class="cm-property">editor</span>.<span class="cm-property">doc</span>.<span class="cm-property">cm</span>;</span></pre><pre class=" CodeMirror-line " role="presentation"><span role="presentation"><span class="cm-keyword">var</span> <span class="cm-def">metadata</span> <span class="cm-operator">=</span> {<span class="cm-property">john</span>:<span class="cm-string">"doe"</span>, <span class="cm-number cm-property">1</span>:<span class="cm-number">2</span>, <span class="cm-number cm-property">3</span>:<span class="cm-number">4</span>};</span></pre><pre class=" CodeMirror-line " role="presentation"><span role="presentation"><span class="cm-variable">cb</span>.<span class="cm-property">cm</span>.<span class="cm-property">exportFile</span>(<span class="cm-variable">cm</span>, <span class="cm-variable">metadata</span>);</span></pre></div></div></div></div></div><div style="position: absolute; height: 18px; width: 1px; border-bottom: 0px solid transparent; top: 71px;"></div><div class="CodeMirror-gutters" style="height: 89px;"><div class="CodeMirror-gutter cb-file-cm-gutter"></div></div></div></div>
/home/olivier/Documents/codeboot/scripts/import_file.cgi: command substitution: line 17: syntax error near unexpected token `newline'
/home/olivier/Documents/codeboot/scripts/import_file.cgi: command substitution: line 17: `<!DOCTYPE html>'
/home/olivier/Documents/codeboot/scripts/import_file.cgi: line 16: syntax error near unexpected token `)'
/home/olivier/Documents/codeboot/scripts/import_file.cgi: line 16: `)"'

Sat Jun 30 23:42:48 EDT 2018 : Shutting down server... EXIT_SIGINT
Sat Jun 30 23:42:49 EDT 2018 : Starting server ...
Sat Jun 30 23:42:49 EDT 2018 : CodeBoot is listening on port 8080
Sat Jun 30 23:42:59 EDT 2018 : Shutting down server... EXIT_SIGINT
Sat Jun 30 23:43:10 EDT 2018 : Starting server ...
Sat Jun 30 23:43:10 EDT 2018 : CodeBoot is listening on port 8080
Sat Jun 30 23:43:16 EDT 2018 : Shutting down server... EXIT_SIGINT
Sat Jun 30 23:44:28 EDT 2018 : Starting server ...
Sat Jun 30 23:44:28 EDT 2018 : CodeBoot is listening on port 8080
Sat Jun 30 23:45:35 EDT 2018 : Shutting down server... EXIT_SIGINT
Sat Jun 30 23:45:43 EDT 2018 : Starting server ...
Sat Jun 30 23:45:43 EDT 2018 : CodeBoot is listening on port 8080
Sat Jun 30 23:46:07 EDT 2018 : Shutting down server... EXIT_SIGINT
Sat Jun 30 23:46:56 EDT 2018 : Starting server ...
Sat Jun 30 23:46:56 EDT 2018 : CodeBoot is listening on port 8080
Sat Jun 30 23:47:21 EDT 2018 : Shutting down server... EXIT_SIGINT
Sat Jun 30 23:47:29 EDT 2018 : Starting server ...
Sat Jun 30 23:47:29 EDT 2018 : CodeBoot is listening on port 8080
Sat Jun 30 23:49:40 EDT 2018 : Shutting down server... EXIT_SIGINT
